13-11-2022 20:46:40.812 [Gauge] [INFO] Watching directory: c:\Repository\Java\qatar-airways-assignment\specs
13-11-2022 20:46:40.814 [Gauge] [INFO] Initializing concepts cache with 0 concepts
13-11-2022 20:46:40.815 [Gauge] [DEBUG] Found 1 files
13-11-2022 20:46:40.831 [Gauge] [INFO] Initializing specs cache with 1 specs
13-11-2022 20:46:40.831 [Gauge] [DEBUG] Adding specs from c:\Repository\Java\qatar-airways-assignment\specs\example.spec
13-11-2022 20:46:40.831 [Gauge] [INFO] Initializing steps cache with 1 steps
13-11-2022 20:46:40.852 [Gauge] [INFO] Starting language runner
13-11-2022 20:46:40.936 [java] [DEBUG] classpath set to c:\Repository\Java\qatar-airways-assignment\target\test-classes;c:\Repository\Java\qatar-airways-assignment\target\classes;C:\Users\testinium\.m2\repository\com\thoughtworks\gauge\gauge-java\0.9.1\gauge-java-0.9.1.jar;C:\Users\testinium\.m2\repository\com\github\javaparser\javaparser-core\3.16.3\javaparser-core-3.16.3.jar;C:\Users\testinium\.m2\repository\commons-io\commons-io\2.11.0\commons-io-2.11.0.jar;C:\Users\testinium\.m2\repository\commons-lang\commons-lang\2.6\commons-lang-2.6.jar;C:\Users\testinium\.m2\repository\org\json\json\20220320\json-20220320.jar;C:\Users\testinium\.m2\repository\com\google\protobuf\protobuf-java\3.19.4\protobuf-java-3.19.4.jar;C:\Users\testinium\.m2\repository\com\google\guava\guava\31.0.1-jre\guava-31.0.1-jre.jar;C:\Users\testinium\.m2\repository\com\google\guava\failureaccess\1.0.1\failureaccess-1.0.1.jar;C:\Users\testinium\.m2\repository\com\google\guava\listenablefuture\9999.0-empty-to-avoid-conflict-with-guava\listenablefuture-9999.0-empty-to-avoid-conflict-with-guava.jar;C:\Users\testinium\.m2\repository\com\google\code\findbugs\jsr305\3.0.2\jsr305-3.0.2.jar;C:\Users\testinium\.m2\repository\org\checkerframework\checker-qual\3.12.0\checker-qual-3.12.0.jar;C:\Users\testinium\.m2\repository\com\google\errorprone\error_prone_annotations\2.7.1\error_prone_annotations-2.7.1.jar;C:\Users\testinium\.m2\repository\com\google\j2objc\j2objc-annotations\1.3\j2objc-annotations-1.3.jar;C:\Users\testinium\.m2\repository\io\grpc\grpc-netty-shaded\1.41.2\grpc-netty-shaded-1.41.2.jar;C:\Users\testinium\.m2\repository\io\perfmark\perfmark-api\0.23.0\perfmark-api-0.23.0.jar;C:\Users\testinium\.m2\repository\io\grpc\grpc-core\1.41.2\grpc-core-1.41.2.jar;C:\Users\testinium\.m2\repository\com\google\android\annotations\4.1.1.4\annotations-4.1.1.4.jar;C:\Users\testinium\.m2\repository\org\codehaus\mojo\animal-sniffer-annotations\1.19\animal-sniffer-annotations-1.19.jar;C:\Users\testinium\.m2\repository\io\grpc\grpc-protobuf\1.41.2\grpc-protobuf-1.41.2.jar;C:\Users\testinium\.m2\repository\io\grpc\grpc-api\1.41.2\grpc-api-1.41.2.jar;C:\Users\testinium\.m2\repository\io\grpc\grpc-context\1.41.2\grpc-context-1.41.2.jar;C:\Users\testinium\.m2\repository\com\google\api\grpc\proto-google-common-protos\2.0.1\proto-google-common-protos-2.0.1.jar;C:\Users\testinium\.m2\repository\io\grpc\grpc-protobuf-lite\1.41.2\grpc-protobuf-lite-1.41.2.jar;C:\Users\testinium\.m2\repository\io\grpc\grpc-stub\1.41.2\grpc-stub-1.41.2.jar;C:\Users\testinium\.m2\repository\javax\annotation\javax.annotation-api\1.3.2\javax.annotation-api-1.3.2.jar;C:\Users\testinium\.m2\repository\org\assertj\assertj-core\3.10.0\assertj-core-3.10.0.jar;C:\Users\testinium\.m2\repository\org\seleniumhq\selenium\selenium-java\3.12.0\selenium-java-3.12.0.jar;C:\Users\testinium\.m2\repository\org\seleniumhq\selenium\selenium-api\3.12.0\selenium-api-3.12.0.jar;C:\Users\testinium\.m2\repository\org\seleniumhq\selenium\selenium-chrome-driver\3.12.0\selenium-chrome-driver-3.12.0.jar;C:\Users\testinium\.m2\repository\org\seleniumhq\selenium\selenium-edge-driver\3.12.0\selenium-edge-driver-3.12.0.jar;C:\Users\testinium\.m2\repository\org\seleniumhq\selenium\selenium-firefox-driver\3.12.0\selenium-firefox-driver-3.12.0.jar;C:\Users\testinium\.m2\repository\org\seleniumhq\selenium\selenium-ie-driver\3.12.0\selenium-ie-driver-3.12.0.jar;C:\Users\testinium\.m2\repository\org\seleniumhq\selenium\selenium-opera-driver\3.12.0\selenium-opera-driver-3.12.0.jar;C:\Users\testinium\.m2\repository\org\seleniumhq\selenium\selenium-remote-driver\3.12.0\selenium-remote-driver-3.12.0.jar;C:\Users\testinium\.m2\repository\org\seleniumhq\selenium\selenium-safari-driver\3.12.0\selenium-safari-driver-3.12.0.jar;C:\Users\testinium\.m2\repository\org\seleniumhq\selenium\selenium-support\3.12.0\selenium-support-3.12.0.jar;C:\Users\testinium\.m2\repository\net\bytebuddy\byte-buddy\1.8.3\byte-buddy-1.8.3.jar;C:\Users\testinium\.m2\repository\org\apache\commons\commons-exec\1.3\commons-exec-1.3.jar;C:\Users\testinium\.m2\repository\commons-codec\commons-codec\1.10\commons-codec-1.10.jar;C:\Users\testinium\.m2\repository\commons-logging\commons-logging\1.2\commons-logging-1.2.jar;C:\Users\testinium\.m2\repository\com\google\code\gson\gson\2.8.2\gson-2.8.2.jar;C:\Users\testinium\.m2\repository\org\apache\httpcomponents\httpclient\4.5.3\httpclient-4.5.3.jar;C:\Users\testinium\.m2\repository\org\apache\httpcomponents\httpcore\4.4.6\httpcore-4.4.6.jar;C:\Users\testinium\.m2\repository\com\squareup\okhttp3\okhttp\3.9.1\okhttp-3.9.1.jar;C:\Users\testinium\.m2\repository\com\squareup\okio\okio\1.13.0\okio-1.13.0.jar;C:\Users\testinium\.m2\repository\io\github\bonigarcia\webdrivermanager\3.7.1\webdrivermanager-3.7.1.jar;C:\Users\testinium\.m2\repository\org\slf4j\slf4j-api\1.7.25\slf4j-api-1.7.25.jar;C:\Users\testinium\.m2\repository\org\apache\commons\commons-lang3\3.8.1\commons-lang3-3.8.1.jar;C:\Users\testinium\.m2\repository\org\rauschig\jarchivelib\1.0.0\jarchivelib-1.0.0.jar;C:\Users\testinium\.m2\repository\org\apache\commons\commons-compress\1.18\commons-compress-1.18.jar;C:\Users\testinium\.m2\repository\org\jsoup\jsoup\1.11.3\jsoup-1.11.3.jar;C:\Users\testinium\.m2\repository\org\reflections\reflections\0.9.10\reflections-0.9.10.jar;C:\Users\testinium\.m2\repository\org\javassist\javassist\3.19.0-GA\javassist-3.19.0-GA.jar;C:\Users\testinium\.m2\repository\com\google\code\findbugs\annotations\2.0.1\annotations-2.0.1.jar
13-11-2022 20:46:41.339 [java] [CRITICAL] process C:\Program Files\Java\jdk-11.0.15.1\bin\java.exe with pid 14768 quit unexpectedly. exit status 1
13-11-2022 20:46:41.348 [Gauge] [ERROR] Error occurred while waiting for runner process to finish.
Error : exit status 1
13-11-2022 20:47:10.914 [Gauge] [DEBUG] unable to connect to runner : Timed out connecting to java
Some of the gauge lsp feature will not work as expected.
13-11-2022 20:47:10.915 [Gauge] [INFO] LangServer: reading on stdin, writing on stdout
13-11-2022 20:47:10.945 [Gauge] [ERROR] notif #0: initialized: current runner is not compatible with gauge LSP
13-11-2022 21:10:58.961 [Gauge] [INFO] Connection closed
13-11-2022 21:10:58.962 [Gauge] [ERROR] Unable to log error 'Connection closed' to LSP: jsonrpc2: connection is closed
14-11-2022 11:34:14.729 [Gauge] [INFO] Watching directory: c:\Repository\Java\qatar-airways-assignment\specs
14-11-2022 11:34:14.731 [Gauge] [DEBUG] Found 1 files
14-11-2022 11:34:14.731 [Gauge] [INFO] Initializing concepts cache with 0 concepts
14-11-2022 11:34:14.747 [Gauge] [INFO] Spec file added / modified: c:\Repository\Java\qatar-airways-assignment\specs\example.spec
14-11-2022 11:34:17.972 [Gauge] [INFO] Watching directory: c:\Repository\Java\qatar-airways-assignment\specs
14-11-2022 11:34:17.972 [Gauge] [DEBUG] Found 1 files
14-11-2022 11:34:17.974 [Gauge] [INFO] Initializing concepts cache with 0 concepts
14-11-2022 11:34:17.974 [Gauge] [INFO] Initializing specs cache with 1 specs
14-11-2022 11:34:17.974 [Gauge] [DEBUG] Adding specs from c:\Repository\Java\qatar-airways-assignment\specs\example.spec
14-11-2022 11:34:17.974 [Gauge] [INFO] Initializing steps cache with 1 steps
14-11-2022 11:34:17.987 [Gauge] [INFO] Starting language runner
14-11-2022 11:34:19.856 [Gauge] [ERROR] Error occurred while waiting for runner process to finish.
Error : exit status 1
14-11-2022 11:34:48.017 [Gauge] [DEBUG] unable to connect to runner : Timed out connecting to java
Some of the gauge lsp feature will not work as expected.
14-11-2022 11:34:48.017 [Gauge] [INFO] LangServer: reading on stdin, writing on stdout
14-11-2022 11:34:48.030 [Gauge] [ERROR] notif #0: initialized: current runner is not compatible with gauge LSP
